[INFO] Scanning for projects...
[INFO] 
[INFO] ---------------< com.oneorder:oneorder-clearing-system >----------------
[INFO] Building OneOrder财务清分系统 1.0.0
[INFO]   from pom.xml
[INFO] --------------------------------[ jar ]---------------------------------
[INFO] 
[INFO] >>> spring-boot:2.7.14:run (default-cli) > test-compile @ oneorder-clearing-system >>>
[INFO] 
[INFO] --- resources:3.2.0:resources (default-resources) @ oneorder-clearing-system ---
[INFO] Using 'UTF-8' encoding to copy filtered resources.
[INFO] Using 'UTF-8' encoding to copy filtered properties files.
[INFO] Copying 3 resources
[INFO] Copying 37 resources
[INFO] 
[INFO] --- compiler:3.10.1:compile (default-compile) @ oneorder-clearing-system ---
[INFO] Changes detected - recompiling the module!
[INFO] Compiling 105 source files to /Users/jay/Documents/baidu/projects/OneOrder/target/classes
[INFO] /Users/jay/Documents/baidu/projects/OneOrder/src/main/java/com/oneorder/clearing/entity/ProtocolRevenueRule.java: /Users/jay/Documents/baidu/projects/OneOrder/src/main/java/com/oneorder/clearing/entity/ProtocolRevenueRule.java使用或覆盖了已过时的 API。
[INFO] /Users/jay/Documents/baidu/projects/OneOrder/src/main/java/com/oneorder/clearing/entity/ProtocolRevenueRule.java: 有关详细信息, 请使用 -Xlint:deprecation 重新编译。
[INFO] /Users/jay/Documents/baidu/projects/OneOrder/src/main/java/com/oneorder/clearing/service/impl/TransitEntityServiceImpl.java: 某些输入文件使用了未经检查或不安全的操作。
[INFO] /Users/jay/Documents/baidu/projects/OneOrder/src/main/java/com/oneorder/clearing/service/impl/TransitEntityServiceImpl.java: 有关详细信息, 请使用 -Xlint:unchecked 重新编译。
[INFO] 
[INFO] --- resources:3.2.0:testResources (default-testResources) @ oneorder-clearing-system ---
[INFO] Using 'UTF-8' encoding to copy filtered resources.
[INFO] Using 'UTF-8' encoding to copy filtered properties files.
[INFO] skip non existing resourceDirectory /Users/jay/Documents/baidu/projects/OneOrder/src/test/resources
[INFO] 
[INFO] --- compiler:3.10.1:testCompile (default-testCompile) @ oneorder-clearing-system ---
[INFO] No sources to compile
[INFO] 
[INFO] <<< spring-boot:2.7.14:run (default-cli) < test-compile @ oneorder-clearing-system <<<
[INFO] 
[INFO] 
[INFO] --- spring-boot:2.7.14:run (default-cli) @ oneorder-clearing-system ---
[INFO] Attaching agents: []

  .   ____          _            __ _ _
 /\\ / ___'_ __ _ _(_)_ __  __ _ \ \ \ \
( ( )\___ | '_ | '_| | '_ \/ _` | \ \ \ \
 \\/  ___)| |_)| | | | | || (_| |  ) ) ) )
  '  |____| .__|_| |_|_| |_\__, | / / / /
 =========|_|==============|___/=/_/_/_/
 :: Spring Boot ::               (v2.7.14)

2025-09-17 11:36:36 [main] INFO  c.o.c.OneOrderClearingApplication - Starting OneOrderClearingApplication using Java 11.0.28 on shenyangdeMacBook-Air.local with PID 23672 (/Users/jay/Documents/baidu/projects/OneOrder/target/classes started by jay in /Users/jay/Documents/baidu/projects/OneOrder)
2025-09-17 11:36:36 [main] DEBUG c.o.c.OneOrderClearingApplication - Running with Spring Boot v2.7.14, Spring v5.3.29
2025-09-17 11:36:36 [main] INFO  c.o.c.OneOrderClearingApplication - No active profile set, falling back to 1 default profile: "default"
2025-09-17 11:36:37 [main] INFO  o.s.d.r.c.RepositoryConfigurationDelegate - Multiple Spring Data modules found, entering strict repository configuration mode
2025-09-17 11:36:37 [main] INFO  o.s.d.r.c.RepositoryConfigurationDelegate - Bootstrapping Spring Data JPA repositories in DEFAULT mode.
2025-09-17 11:36:37 [main] INFO  o.s.d.r.c.RepositoryConfigurationDelegate - Finished Spring Data repository scanning in 105 ms. Found 14 JPA repository interfaces.
2025-09-17 11:36:37 [main] INFO  o.s.d.r.c.RepositoryConfigurationDelegate - Multiple Spring Data modules found, entering strict repository configuration mode
2025-09-17 11:36:37 [main] INFO  o.s.d.r.c.RepositoryConfigurationDelegate - Bootstrapping Spring Data Redis repositories in DEFAULT mode.
2025-09-17 11:36:37 [main] INFO  o.s.d.r.c.RepositoryConfigurationExtensionSupport - Spring Data Redis - Could not safely identify store assignment for repository candidate interface com.oneorder.clearing.repository.AccountingEntryRepository; If you want this repository to be a Redis repository, consider annotating your entities with one of these annotations: org.springframework.data.redis.core.RedisHash (preferred), or consider extending one of the following types with your repository: org.springframework.data.keyvalue.repository.KeyValueRepository
2025-09-17 11:36:37 [main] INFO  o.s.d.r.c.RepositoryConfigurationExtensionSupport - Spring Data Redis - Could not safely identify store assignment for repository candidate interface com.oneorder.clearing.repository.ClearingResultRepository; If you want this repository to be a Redis repository, consider annotating your entities with one of these annotations: org.springframework.data.redis.core.RedisHash (preferred), or consider extending one of the following types with your repository: org.springframework.data.keyvalue.repository.KeyValueRepository
2025-09-17 11:36:37 [main] INFO  o.s.d.r.c.RepositoryConfigurationExtensionSupport - Spring Data Redis - Could not safely identify store assignment for repository candidate interface com.oneorder.clearing.repository.ClearingRuleRepository; If you want this repository to be a Redis repository, consider annotating your entities with one of these annotations: org.springframework.data.redis.core.RedisHash (preferred), or consider extending one of the following types with your repository: org.springframework.data.keyvalue.repository.KeyValueRepository
2025-09-17 11:36:37 [main] INFO  o.s.d.r.c.RepositoryConfigurationExtensionSupport - Spring Data Redis - Could not safely identify store assignment for repository candidate interface com.oneorder.clearing.repository.CrossBorderFlowRepository; If you want this repository to be a Redis repository, consider annotating your entities with one of these annotations: org.springframework.data.redis.core.RedisHash (preferred), or consider extending one of the following types with your repository: org.springframework.data.keyvalue.repository.KeyValueRepository
2025-09-17 11:36:37 [main] INFO  o.s.d.r.c.RepositoryConfigurationExtensionSupport - Spring Data Redis - Could not safely identify store assignment for repository candidate interface com.oneorder.clearing.repository.DepartmentRepository; If you want this repository to be a Redis repository, consider annotating your entities with one of these annotations: org.springframework.data.redis.core.RedisHash (preferred), or consider extending one of the following types with your repository: org.springframework.data.keyvalue.repository.KeyValueRepository
2025-09-17 11:36:37 [main] INFO  o.s.d.r.c.RepositoryConfigurationExtensionSupport - Spring Data Redis - Could not safely identify store assignment for repository candidate interface com.oneorder.clearing.repository.InternalProtocolRepository; If you want this repository to be a Redis repository, consider annotating your entities with one of these annotations: org.springframework.data.redis.core.RedisHash (preferred), or consider extending one of the following types with your repository: org.springframework.data.keyvalue.repository.KeyValueRepository
2025-09-17 11:36:37 [main] INFO  o.s.d.r.c.RepositoryConfigurationExtensionSupport - Spring Data Redis - Could not safely identify store assignment for repository candidate interface com.oneorder.clearing.repository.LegalEntityRepository; If you want this repository to be a Redis repository, consider annotating your entities with one of these annotations: org.springframework.data.redis.core.RedisHash (preferred), or consider extending one of the following types with your repository: org.springframework.data.keyvalue.repository.KeyValueRepository
2025-09-17 11:36:37 [main] INFO  o.s.d.r.c.RepositoryConfigurationExtensionSupport - Spring Data Redis - Could not safely identify store assignment for repository candidate interface com.oneorder.clearing.repository.OrderRepository; If you want this repository to be a Redis repository, consider annotating your entities with one of these annotations: org.springframework.data.redis.core.RedisHash (preferred), or consider extending one of the following types with your repository: org.springframework.data.keyvalue.repository.KeyValueRepository
2025-09-17 11:36:37 [main] INFO  o.s.d.r.c.RepositoryConfigurationExtensionSupport - Spring Data Redis - Could not safely identify store assignment for repository candidate interface com.oneorder.clearing.repository.OrderServiceRepository; If you want this repository to be a Redis repository, consider annotating your entities with one of these annotations: org.springframework.data.redis.core.RedisHash (preferred), or consider extending one of the following types with your repository: org.springframework.data.keyvalue.repository.KeyValueRepository
2025-09-17 11:36:37 [main] INFO  o.s.d.r.c.RepositoryConfigurationExtensionSupport - Spring Data Redis - Could not safely identify store assignment for repository candidate interface com.oneorder.clearing.repository.ProtocolRevenueRuleRepository; If you want this repository to be a Redis repository, consider annotating your entities with one of these annotations: org.springframework.data.redis.core.RedisHash (preferred), or consider extending one of the following types with your repository: org.springframework.data.keyvalue.repository.KeyValueRepository
2025-09-17 11:36:37 [main] INFO  o.s.d.r.c.RepositoryConfigurationExtensionSupport - Spring Data Redis - Could not safely identify store assignment for repository candidate interface com.oneorder.clearing.repository.ServiceAssignmentNotificationRepository; If you want this repository to be a Redis repository, consider annotating your entities with one of these annotations: org.springframework.data.redis.core.RedisHash (preferred), or consider extending one of the following types with your repository: org.springframework.data.keyvalue.repository.KeyValueRepository
2025-09-17 11:36:37 [main] INFO  o.s.d.r.c.RepositoryConfigurationExtensionSupport - Spring Data Redis - Could not safely identify store assignment for repository candidate interface com.oneorder.clearing.repository.ServiceConfigRepository; If you want this repository to be a Redis repository, consider annotating your entities with one of these annotations: org.springframework.data.redis.core.RedisHash (preferred), or consider extending one of the following types with your repository: org.springframework.data.keyvalue.repository.KeyValueRepository
2025-09-17 11:36:37 [main] INFO  o.s.d.r.c.RepositoryConfigurationExtensionSupport - Spring Data Redis - Could not safely identify store assignment for repository candidate interface com.oneorder.clearing.repository.StaffRepository; If you want this repository to be a Redis repository, consider annotating your entities with one of these annotations: org.springframework.data.redis.core.RedisHash (preferred), or consider extending one of the following types with your repository: org.springframework.data.keyvalue.repository.KeyValueRepository
2025-09-17 11:36:37 [main] INFO  o.s.d.r.c.RepositoryConfigurationExtensionSupport - Spring Data Redis - Could not safely identify store assignment for repository candidate interface com.oneorder.clearing.repository.TransitEntityRepository; If you want this repository to be a Redis repository, consider annotating your entities with one of these annotations: org.springframework.data.redis.core.RedisHash (preferred), or consider extending one of the following types with your repository: org.springframework.data.keyvalue.repository.KeyValueRepository
2025-09-17 11:36:37 [main] INFO  o.s.d.r.c.RepositoryConfigurationDelegate - Finished Spring Data repository scanning in 12 ms. Found 0 Redis repository interfaces.
2025-09-17 11:36:38 [main] INFO  o.s.b.w.e.tomcat.TomcatWebServer - Tomcat initialized with port(s): 8081 (http)
2025-09-17 11:36:38 [main] INFO  o.a.catalina.core.StandardService - Starting service [Tomcat]
2025-09-17 11:36:38 [main] INFO  o.a.catalina.core.StandardEngine - Starting Servlet engine: [Apache Tomcat/9.0.78]
2025-09-17 11:36:38 [main] INFO  o.a.c.c.C.[.[localhost].[/api] - Initializing Spring embedded WebApplicationContext
2025-09-17 11:36:38 [main] INFO  o.s.b.w.s.c.ServletWebServerApplicationContext - Root WebApplicationContext: initialization completed in 1815 ms
2025-09-17 11:36:38 [main] INFO  o.h.jpa.internal.util.LogHelper - HHH000204: Processing PersistenceUnitInfo [name: default]
2025-09-17 11:36:38 [main] INFO  org.hibernate.Version - HHH000412: Hibernate ORM core version 5.6.15.Final
2025-09-17 11:36:38 [main] INFO  o.h.annotations.common.Version - HCANN000001: Hibernate Commons Annotations {5.1.2.Final}
2025-09-17 11:36:38 [main] INFO  com.zaxxer.hikari.HikariDataSource - HikariPool-1 - Starting...
2025-09-17 11:36:38 [main] INFO  com.zaxxer.hikari.HikariDataSource - HikariPool-1 - Start completed.
2025-09-17 11:36:38 [main] INFO  org.hibernate.dialect.Dialect - HHH000400: Using dialect: org.hibernate.dialect.PostgreSQLDialect
2025-09-17 11:36:39 [main] INFO  o.h.e.t.j.p.i.JtaPlatformInitiator - HHH000490: Using JtaPlatform implementation: [org.hibernate.engine.transaction.jta.platform.internal.NoJtaPlatform]
2025-09-17 11:36:40 [main] INFO  o.s.o.j.LocalContainerEntityManagerFactoryBean - Initialized JPA EntityManagerFactory for persistence unit 'default'
2025-09-17 11:36:41 [main] WARN  o.s.b.a.o.j.JpaBaseConfiguration$JpaWebConfiguration - spring.jpa.open-in-view is enabled by default. Therefore, database queries may be performed during view rendering. Explicitly configure spring.jpa.open-in-view to disable this warning
2025-09-17 11:36:41 [main] INFO  o.s.b.a.w.s.WelcomePageHandlerMapping - Adding welcome page: class path resource [static/index.html]
2025-09-17 11:36:41 [main] INFO  o.s.b.w.e.tomcat.TomcatWebServer - Tomcat started on port(s): 8081 (http) with context path '/api'
2025-09-17 11:36:41 [main] INFO  c.o.c.OneOrderClearingApplication - Started OneOrderClearingApplication in 6.395 seconds (JVM running for 6.856)
2025-09-17 11:36:42 [main] DEBUG org.hibernate.SQL - 
    /* select
        count(*) 
    from
        ServiceConfig x */ select
            count(*) as col_0_0_ 
        from
            service_config servicecon0_
Hibernate: 
    /* select
        count(*) 
    from
        ServiceConfig x */ select
            count(*) as col_0_0_ 
        from
            service_config servicecon0_
2025-09-17 11:36:42 [main] INFO  c.o.c.s.ServiceConfigInitializer - 服务配置已存在 20 条记录，跳过初始化
==============================================
OneOrder财务清分系统启动成功！
API文档地址: http://localhost:8080/api/swagger-ui.html
==============================================
2025-09-17 11:36:55 [http-nio-8081-exec-1] INFO  o.a.c.c.C.[.[localhost].[/api] - Initializing Spring DispatcherServlet 'dispatcherServlet'
2025-09-17 11:36:55 [http-nio-8081-exec-1] INFO  o.s.web.servlet.DispatcherServlet - Initializing Servlet 'dispatcherServlet'
2025-09-17 11:36:55 [http-nio-8081-exec-1] INFO  o.s.web.servlet.DispatcherServlet - Completed initialization in 6 ms
2025-09-17 12:31:22 [HikariPool-1 housekeeper] WARN  com.zaxxer.hikari.pool.HikariPool - HikariPool-1 - Thread starvation or clock leap detected (housekeeper delta=15m36s432ms).
2025-09-17 12:47:12 [HikariPool-1 housekeeper] WARN  com.zaxxer.hikari.pool.HikariPool - HikariPool-1 - Thread starvation or clock leap detected (housekeeper delta=15m50s149ms).
2025-09-17 13:04:53 [HikariPool-1 housekeeper] WARN  com.zaxxer.hikari.pool.HikariPool - HikariPool-1 - Thread starvation or clock leap detected (housekeeper delta=17m10s350ms).
2025-09-17 13:11:38 [http-nio-8081-exec-1] INFO  c.o.c.c.ProtocolServiceAssignmentController - 智能匹配内部协议 - 客服: CS001, 操作员: OP001, 服务: BOOKING, 业务类型: OCEAN
2025-09-17 13:11:38 [http-nio-8081-exec-5] INFO  c.o.c.c.ProtocolServiceAssignmentController - 获取协议详情: PROTO_OCEAN_001
2025-09-17 13:11:40 [http-nio-8081-exec-7] INFO  c.o.c.c.ProtocolServiceAssignmentController - 执行协议派单: {orderId=ORD1758085879789, serviceCode=BOOKING, operationStaffId=OP001, protocolId=PROTO_OCEAN_001}
2025-09-17 13:11:40 [http-nio-8081-exec-7] INFO  c.o.c.c.ProtocolServiceAssignmentController - 协议派单执行完成: {protocolId=PROTO_OCEAN_001, orderId=ORD1758085879789, serviceCode=BOOKING, operationStaffId=OP001, message=服务已成功派单，协议已关联, assignmentId=ASSIGN_1758085900510, status=ASSIGNED, assignedTime=2025-09-17T13:11:40.517887}
2025-09-17 13:11:41 [http-nio-8081-exec-6] INFO  c.o.c.c.ProtocolServiceAssignmentController - 确认协议: {orderId=ORD1758085879789, serviceCode=BOOKING, operationStaffId=OP001, protocolId=PROTO_OCEAN_001, action=CONFIRM}
2025-09-17 13:11:45 [http-nio-8081-exec-8] INFO  c.o.c.c.ProtocolServiceAssignmentController - 获取协议详情: PROTO_OCEAN_001
2025-09-17 13:14:22 [SpringApplicationShutdownHook] INFO  o.s.o.j.LocalContainerEntityManagerFactoryBean - Closing JPA EntityManagerFactory for persistence unit 'default'
2025-09-17 13:14:22 [SpringApplicationShutdownHook] INFO  com.zaxxer.hikari.HikariDataSource - HikariPool-1 - Shutdown initiated...
2025-09-17 13:14:22 [SpringApplicationShutdownHook] INFO  com.zaxxer.hikari.HikariDataSource - HikariPool-1 - Shutdown completed.
[INFO] ------------------------------------------------------------------------
[INFO] BUILD FAILURE
[INFO] ------------------------------------------------------------------------
[INFO] Total time:  01:38 h
[INFO] Finished at: 2025-09-17T13:14:22+08:00
[INFO] ------------------------------------------------------------------------
[ERROR] Failed to execute goal org.springframework.boot:spring-boot-maven-plugin:2.7.14:run (default-cli) on project oneorder-clearing-system: Application finished with exit code: 143 -> [Help 1]
[ERROR] 
[ERROR] To see the full stack trace of the errors, re-run Maven with the -e switch.
[ERROR] Re-run Maven using the -X switch to enable full debug logging.
[ERROR] 
[ERROR] For more information about the errors and possible solutions, please read the following articles:
[ERROR] [Help 1] http://cwiki.apache.org/confluence/display/MAVEN/MojoExecutionException
